# JRE version: Java(TM) SE Runtime Environment (17.0.1+12) (build 17.0.1+12-LTS-39)
# Java VM: Java HotSpot(TM) 64-Bit Server VM (17.0.1+12-LTS-39, mixed mode, sharing, tiered, compressed oops, compressed class ptrs, g1 gc, windows-amd64)
GC Precious Log:
 CPUs: 4 total, 4 available
 Memory: 16259M
 Large Page Support: Disabled
 NUMA Support: Disabled
 Compressed Oops: Enabled (32-bit)
 Heap Region Size: 1M
 Heap Min Capacity: 8M
 Heap Initial Capacity: 256M
 Heap Max Capacity: 2G
 Pre-touch: Disabled
 Parallel Workers: 4
 Concurrent Workers: 1
 Concurrent Refinement Workers: 4
 Periodic GC: Disabled
Heap:
 garbage-first heap   total 429056K, used 348672K [0x0000000080000000, 0x0000000100000000)
  region size 1024K, 4 young (4096K), 4 survivors (4096K)
 Metaspace       used 112021K, committed 112960K, reserved 1146880K
  class space    used 15051K, committed 15552K, reserved 1048576K
GC Heap History (20 events):
Event: 177.517 GC heap after
{Heap after GC invocations=59 (full 0):
 garbage-first heap   total 245760K, used 188442K [0x0000000080000000, 0x0000000100000000)
  region size 1024K, 2 young (2048K), 2 survivors (2048K)
 Metaspace       used 105440K, committed 106368K, reserved 1146880K
  class space    used 13916K, committed 14400K, reserved 1048576K
}
Event: 178.424 GC heap before
{Heap before GC invocations=59 (full 0):
 garbage-first heap   total 245760K, used 213018K [0x0000000080000000, 0x0000000100000000)
  region size 1024K, 27 young (27648K), 2 survivors (2048K)
 Metaspace       used 109971K, committed 110848K, reserved 1146880K
  class space    used 14651K, committed 15104K, reserved 1048576K
}
Event: 178.428 GC heap after
{Heap after GC invocations=60 (full 0):
 garbage-first heap   total 245760K, used 186906K [0x0000000080000000, 0x0000000100000000)
  region size 1024K, 2 young (2048K), 2 survivors (2048K)
 Metaspace       used 109971K, committed 110848K, reserved 1146880K
  class space    used 14651K, committed 15104K, reserved 1048576K
}
Event: 178.894 GC heap before
{Heap before GC invocations=60 (full 0):
 garbage-first heap   total 245760K, used 210458K [0x0000000080000000, 0x0000000100000000)
  region size 1024K, 17 young (17408K), 2 survivors (2048K)
 Metaspace       used 110194K, committed 111168K, reserved 1146880K
  class space    used 14675K, committed 15168K, reserved 1048576K
}
Event: 178.900 GC heap after
{Heap after GC invocations=61 (full 0):
 garbage-first heap   total 245760K, used 203845K [0x0000000080000000, 0x0000000100000000)
  region size 1024K, 4 young (4096K), 4 survivors (4096K)
 Metaspace       used 110194K, committed 111168K, reserved 1146880K
  class space    used 14675K, committed 15168K, reserved 1048576K
}
Event: 179.434 GC heap before
{Heap before GC invocations=61 (full 0):
 garbage-first heap   total 337920K, used 207941K [0x0000000080000000, 0x0000000100000000)
  region size 1024K, 12 young (12288K), 4 survivors (4096K)
 Metaspace       used 110484K, committed 111488K, reserved 1146880K
  class space    used 14736K, committed 15232K, reserved 1048576K
}
Event: 179.443 GC heap after
{Heap after GC invocations=62 (full 0):
 garbage-first heap   total 337920K, used 203776K [0x0000000080000000, 0x0000000100000000)
  region size 1024K, 2 young (2048K), 2 survivors (2048K)
 Metaspace       used 110484K, committed 111488K, reserved 1146880K
  class space    used 14736K, committed 15232K, reserved 1048576K
}
Event: 180.123 GC heap before
{Heap before GC invocations=63 (full 0):
 garbage-first heap   total 337920K, used 325632K [0x0000000080000000, 0x0000000100000000)
  region size 1024K, 74 young (75776K), 2 survivors (2048K)
 Metaspace       used 110588K, committed 111552K, reserved 1146880K
  class space    used 14743K, committed 15232K, reserved 1048576K
}
Event: 180.172 GC heap after
{Heap after GC invocations=64 (full 0):
 garbage-first heap   total 359424K, used 255781K [0x0000000080000000, 0x0000000100000000)
  region size 1024K, 11 young (11264K), 11 survivors (11264K)
 Metaspace       used 110588K, committed 111552K, reserved 1146880K
  class space    used 14743K, committed 15232K, reserved 1048576K
}
Event: 180.280 GC heap before
{Heap before GC invocations=64 (full 0):
 garbage-first heap   total 359424K, used 261925K [0x0000000080000000, 0x0000000100000000)
  region size 1024K, 17 young (17408K), 11 survivors (11264K)
 Metaspace       used 110588K, committed 111552K, reserved 1146880K
  class space    used 14743K, committed 15232K, reserved 1048576K
}
Event: 180.304 GC heap after
{Heap after GC invocations=65 (full 0):
 garbage-first heap   total 359424K, used 230422K [0x0000000080000000, 0x0000000100000000)
  region size 1024K, 3 young (3072K), 3 survivors (3072K)
 Metaspace       used 110588K, committed 111552K, reserved 1146880K
  class space    used 14743K, committed 15232K, reserved 1048576K
}
Event: 180.886 GC heap before
{Heap before GC invocations=65 (full 0):
 garbage-first heap   total 359424K, used 292886K [0x0000000080000000, 0x0000000100000000)
  region size 1024K, 59 young (60416K), 3 survivors (3072K)
 Metaspace       used 110593K, committed 111552K, reserved 1146880K
  class space    used 14743K, committed 15232K, reserved 1048576K
}
Event: 180.937 GC heap after
{Heap after GC invocations=66 (full 0):
 garbage-first heap   total 429056K, used 257750K [0x0000000080000000, 0x0000000100000000)
  region size 1024K, 8 young (8192K), 8 survivors (8192K)
 Metaspace       used 110593K, committed 111552K, reserved 1146880K
  class space    used 14743K, committed 15232K, reserved 1048576K
}
Event: 182.006 GC heap before
{Heap before GC invocations=66 (full 0):
 garbage-first heap   total 429056K, used 334550K [0x0000000080000000, 0x0000000100000000)
  region size 1024K, 81 young (82944K), 8 survivors (8192K)
 Metaspace       used 112006K, committed 112960K, reserved 1146880K
  class space    used 15051K, committed 15552K, reserved 1048576K
}
Event: 182.096 GC heap after
{Heap after GC invocations=67 (full 0):
 garbage-first heap   total 429056K, used 296960K [0x0000000080000000, 0x0000000100000000)
  region size 1024K, 11 young (11264K), 11 survivors (11264K)
 Metaspace       used 112006K, committed 112960K, reserved 1146880K
  class space    used 15051K, committed 15552K, reserved 1048576K
}
Event: 182.571 GC heap before
{Heap before GC invocations=67 (full 0):
 garbage-first heap   total 429056K, used 340992K [0x0000000080000000, 0x0000000100000000)
  region size 1024K, 55 young (56320K), 11 survivors (11264K)
 Metaspace       used 112008K, committed 112960K, reserved 1146880K
  class space    used 15051K, committed 15552K, reserved 1048576K
}
Event: 182.652 GC heap after
{Heap after GC invocations=68 (full 0):
 garbage-first heap   total 429056K, used 320512K [0x0000000080000000, 0x0000000100000000)
  region size 1024K, 7 young (7168K), 7 survivors (7168K)
 Metaspace       used 112008K, committed 112960K, reserved 1146880K
  class space    used 15051K, committed 15552K, reserved 1048576K
}
Event: 183.055 GC heap before
{Heap before GC invocations=68 (full 0):
 garbage-first heap   total 429056K, used 351232K [0x0000000080000000, 0x0000000100000000)
  region size 1024K, 37 young (37888K), 7 survivors (7168K)
 Metaspace       used 112013K, committed 112960K, reserved 1146880K
  class space    used 15051K, committed 15552K, reserved 1048576K
}
Event: 183.113 GC heap after
{Heap after GC invocations=69 (full 0):
 garbage-first heap   total 429056K, used 336896K [0x0000000080000000, 0x0000000100000000)
  region size 1024K, 5 young (5120K), 5 survivors (5120K)
 Metaspace       used 112013K, committed 112960K, reserved 1146880K
  class space    used 15051K, committed 15552K, reserved 1048576K
}
Event: 183.402 GC heap before
{Heap before GC invocations=69 (full 0):
 garbage-first heap   total 429056K, used 358400K [0x0000000080000000, 0x0000000100000000)
  region size 1024K, 26 young (26624K), 5 survivors (5120K)
 Metaspace       used 112021K, committed 112960K, reserved 1146880K
  class space    used 15051K, committed 15552K, reserved 1048576K
}

