# JRE version: Java(TM) SE Runtime Environment (17.0.1+12) (build 17.0.1+12-LTS-39)
# Java VM: Java HotSpot(TM) 64-Bit Server VM (17.0.1+12-LTS-39, mixed mode, sharing, tiered, compressed oops, compressed class ptrs, g1 gc, windows-amd64)
GC Precious Log:
 CPUs: 4 total, 4 available
 Memory: 16259M
 Large Page Support: Disabled
 NUMA Support: Disabled
 Compressed Oops: Enabled (32-bit)
 Heap Region Size: 1M
 Heap Min Capacity: 8M
 Heap Initial Capacity: 256M
 Heap Max Capacity: 2G
 Pre-touch: Disabled
 Parallel Workers: 4
 Concurrent Workers: 1
 Concurrent Refinement Workers: 4
 Periodic GC: Disabled
Heap:
 garbage-first heap   total 496640K, used 322560K [0x0000000080000000, 0x0000000100000000)
  region size 1024K, 59 young (60416K), 8 survivors (8192K)
 Metaspace       used 104833K, committed 105728K, reserved 1146880K
  class space    used 13979K, committed 14400K, reserved 1048576K
GC Heap History (20 events):
Event: 27.026 GC heap before
{Heap before GC invocations=43 (full 0):
 garbage-first heap   total 179200K, used 105987K [0x0000000080000000, 0x0000000100000000)
  region size 1024K, 8 young (8192K), 3 survivors (3072K)
 Metaspace       used 78806K, committed 79616K, reserved 1122304K
  class space    used 10943K, committed 11328K, reserved 1048576K
}
Event: 27.033 GC heap after
{Heap after GC invocations=44 (full 0):
 garbage-first heap   total 386048K, used 102125K [0x0000000080000000, 0x0000000100000000)
  region size 1024K, 1 young (1024K), 1 survivors (1024K)
 Metaspace       used 78806K, committed 79616K, reserved 1122304K
  class space    used 10943K, committed 11328K, reserved 1048576K
}
Event: 35.341 GC heap before
{Heap before GC invocations=44 (full 0):
 garbage-first heap   total 386048K, used 294637K [0x0000000080000000, 0x0000000100000000)
  region size 1024K, 181 young (185344K), 1 survivors (1024K)
 Metaspace       used 83982K, committed 84800K, reserved 1130496K
  class space    used 11415K, committed 11776K, reserved 1048576K
}
Event: 35.387 GC heap after
{Heap after GC invocations=45 (full 0):
 garbage-first heap   total 386048K, used 137352K [0x0000000080000000, 0x0000000100000000)
  region size 1024K, 23 young (23552K), 23 survivors (23552K)
 Metaspace       used 83982K, committed 84800K, reserved 1130496K
  class space    used 11415K, committed 11776K, reserved 1048576K
}
Event: 38.832 GC heap before
{Heap before GC invocations=45 (full 0):
 garbage-first heap   total 386048K, used 318600K [0x0000000080000000, 0x0000000100000000)
  region size 1024K, 165 young (168960K), 23 survivors (23552K)
 Metaspace       used 90157K, committed 91072K, reserved 1130496K
  class space    used 12062K, committed 12480K, reserved 1048576K
}
Event: 38.873 GC heap after
{Heap after GC invocations=46 (full 0):
 garbage-first heap   total 386048K, used 153388K [0x0000000080000000, 0x0000000100000000)
  region size 1024K, 16 young (16384K), 16 survivors (16384K)
 Metaspace       used 90157K, committed 91072K, reserved 1130496K
  class space    used 12062K, committed 12480K, reserved 1048576K
}
Event: 41.201 GC heap before
{Heap before GC invocations=46 (full 0):
 garbage-first heap   total 386048K, used 288556K [0x0000000080000000, 0x0000000100000000)
  region size 1024K, 149 young (152576K), 16 survivors (16384K)
 Metaspace       used 91766K, committed 92672K, reserved 1130496K
  class space    used 12173K, committed 12608K, reserved 1048576K
}
Event: 41.227 GC heap after
{Heap after GC invocations=47 (full 0):
 garbage-first heap   total 386048K, used 153088K [0x0000000080000000, 0x0000000100000000)
  region size 1024K, 4 young (4096K), 4 survivors (4096K)
 Metaspace       used 91766K, committed 92672K, reserved 1130496K
  class space    used 12173K, committed 12608K, reserved 1048576K
}
Event: 46.188 GC heap before
{Heap before GC invocations=47 (full 0):
 garbage-first heap   total 386048K, used 298496K [0x0000000080000000, 0x0000000100000000)
  region size 1024K, 147 young (150528K), 4 survivors (4096K)
 Metaspace       used 96151K, committed 97024K, reserved 1138688K
  class space    used 12726K, committed 13120K, reserved 1048576K
}
Event: 46.204 GC heap after
{Heap after GC invocations=48 (full 0):
 garbage-first heap   total 386048K, used 159290K [0x0000000080000000, 0x0000000100000000)
  region size 1024K, 10 young (10240K), 10 survivors (10240K)
 Metaspace       used 96151K, committed 97024K, reserved 1138688K
  class space    used 12726K, committed 13120K, reserved 1048576K
}
Event: 49.716 GC heap before
{Heap before GC invocations=48 (full 0):
 garbage-first heap   total 386048K, used 318010K [0x0000000080000000, 0x0000000100000000)
  region size 1024K, 154 young (157696K), 10 survivors (10240K)
 Metaspace       used 97027K, committed 97920K, reserved 1138688K
  class space    used 12831K, committed 13248K, reserved 1048576K
}
Event: 49.738 GC heap after
{Heap after GC invocations=49 (full 0):
 garbage-first heap   total 386048K, used 186843K [0x0000000080000000, 0x0000000100000000)
  region size 1024K, 20 young (20480K), 20 survivors (20480K)
 Metaspace       used 97027K, committed 97920K, reserved 1138688K
  class space    used 12831K, committed 13248K, reserved 1048576K
}
Event: 50.666 GC heap before
{Heap before GC invocations=49 (full 0):
 garbage-first heap   total 386048K, used 246235K [0x0000000080000000, 0x0000000100000000)
  region size 1024K, 44 young (45056K), 20 survivors (20480K)
 Metaspace       used 98380K, committed 99264K, reserved 1138688K
  class space    used 13015K, committed 13440K, reserved 1048576K
}
Event: 50.685 GC heap after
{Heap after GC invocations=50 (full 0):
 garbage-first heap   total 386048K, used 203444K [0x0000000080000000, 0x0000000100000000)
  region size 1024K, 6 young (6144K), 6 survivors (6144K)
 Metaspace       used 98380K, committed 99264K, reserved 1138688K
  class space    used 13015K, committed 13440K, reserved 1048576K
}
Event: 51.038 GC heap before
{Heap before GC invocations=50 (full 0):
 garbage-first heap   total 386048K, used 270004K [0x0000000080000000, 0x0000000100000000)
  region size 1024K, 40 young (40960K), 6 survivors (6144K)
 Metaspace       used 100453K, committed 101312K, reserved 1138688K
  class space    used 13298K, committed 13696K, reserved 1048576K
}
Event: 51.045 GC heap after
{Heap after GC invocations=51 (full 0):
 garbage-first heap   total 386048K, used 224150K [0x0000000080000000, 0x0000000100000000)
  region size 1024K, 14 young (14336K), 14 survivors (14336K)
 Metaspace       used 100453K, committed 101312K, reserved 1138688K
  class space    used 13298K, committed 13696K, reserved 1048576K
}
Event: 53.034 GC heap before
{Heap before GC invocations=51 (full 0):
 garbage-first heap   total 386048K, used 328598K [0x0000000080000000, 0x0000000100000000)
  region size 1024K, 89 young (91136K), 14 survivors (14336K)
 Metaspace       used 102567K, committed 103488K, reserved 1138688K
  class space    used 13522K, committed 13952K, reserved 1048576K
}
Event: 53.087 GC heap after
{Heap after GC invocations=52 (full 0):
 garbage-first heap   total 386048K, used 266825K [0x0000000080000000, 0x0000000100000000)
  region size 1024K, 13 young (13312K), 13 survivors (13312K)
 Metaspace       used 102567K, committed 103488K, reserved 1138688K
  class space    used 13522K, committed 13952K, reserved 1048576K
}
Event: 53.550 GC heap before
{Heap before GC invocations=52 (full 0):
 garbage-first heap   total 496640K, used 297545K [0x0000000080000000, 0x0000000100000000)
  region size 1024K, 58 young (59392K), 13 survivors (13312K)
 Metaspace       used 102975K, committed 103872K, reserved 1138688K
  class space    used 13593K, committed 14016K, reserved 1048576K
}
Event: 53.637 GC heap after
{Heap after GC invocations=53 (full 0):
 garbage-first heap   total 496640K, used 271360K [0x0000000080000000, 0x0000000100000000)
  region size 1024K, 8 young (8192K), 8 survivors (8192K)
 Metaspace       used 102975K, committed 103872K, reserved 1138688K
  class space    used 13593K, committed 14016K, reserved 1048576K
}

